#######################################################################################
# log primitive debug message of FSDB dumping                                         #
# This is for R&D to analyze when there are issues happening when FSDB dump           #
#######################################################################################
ANF: vcsd_get_serial_mode_status('simv: undefined symbol: vcsd_get_serial_mode_status')
ANF: vcsd_enable_sva_success_callback('simv: undefined symbol: vcsd_enable_sva_success_callback')
ANF: vcsd_disable_sva_success_callback('simv: undefined symbol: vcsd_disable_sva_success_callback')
ANF: vcsd_get_power_scope_name('simv: undefined symbol: vcsd_get_power_scope_name')
ANF: vcsd_begin_no_value_var_info('simv: undefined symbol: vcsd_begin_no_value_var_info')
ANF: vcsd_end_no_value_var_info('simv: undefined symbol: vcsd_end_no_value_var_info')
ANF: vcsd_remove_xprop_merge_mode_callback('simv: undefined symbol: vcsd_remove_xprop_merge_mode_callback')
ANF: vhpi_get_cb_info('simv: undefined symbol: vhpi_get_cb_info')
ANF: vhpi_free_handle('simv: undefined symbol: vhpi_free_handle')
ANF: vhpi_fetch_vcsd_handle('simv: undefined symbol: vhpi_fetch_vcsd_handle')
ANF: vhpi_fetch_vpi_handle('simv: undefined symbol: vhpi_fetch_vpi_handle')
ANF: vhpi_has_verilog_parent('simv: undefined symbol: vhpi_has_verilog_parent')
ANF: vhpi_is_verilog_scope('simv: undefined symbol: vhpi_is_verilog_scope')
ANF: scsd_xprop_is_enabled('simv: undefined symbol: scsd_xprop_is_enabled')
ANF: scsd_xprop_sig_is_promoted('simv: undefined symbol: scsd_xprop_sig_is_promoted')
ANF: scsd_xprop_int_xvalue('simv: undefined symbol: scsd_xprop_int_xvalue')
ANF: scsd_xprop_bool_xvalue('simv: undefined symbol: scsd_xprop_bool_xvalue')
ANF: scsd_xprop_enum_xvalue('simv: undefined symbol: scsd_xprop_enum_xvalue')
ANF: scsd_xprop_register_merge_mode_cb('simv: undefined symbol: scsd_xprop_register_merge_mode_cb')
ANF: scsd_xprop_delete_merge_mode_cb('simv: undefined symbol: scsd_xprop_delete_merge_mode_cb')
ANF: scsd_xprop_get_merge_mode('simv: undefined symbol: scsd_xprop_get_merge_mode')
ANF: scsd_thread_get_info('simv: undefined symbol: scsd_thread_get_info')
ANF: scsd_thread_vc_init('simv: undefined symbol: scsd_thread_vc_init')
ANF: scsd_master_set_delta_sync_cbk('simv: undefined symbol: scsd_master_set_delta_sync_cbk')
ANF: scsd_fgp_get_fsdb_cores('simv: undefined symbol: scsd_fgp_get_fsdb_cores')
ANF: scsd_fgp_get_is_cpu_affinity_disabled('simv: undefined symbol: scsd_fgp_get_is_cpu_affinity_disabled')
ANF: vhdi_dt_get_type('simv: undefined symbol: vhdi_dt_get_type')
ANF: vhdi_dt_get_key('simv: undefined symbol: vhdi_dt_get_key')
ANF: vhdi_dt_get_vhdl_enum_info('simv: undefined symbol: vhdi_dt_get_vhdl_enum_info')
ANF: vhdi_dt_get_vhdl_physical_info('simv: undefined symbol: vhdi_dt_get_vhdl_physical_info')
ANF: vhdi_dt_get_vhdl_array_info('simv: undefined symbol: vhdi_dt_get_vhdl_array_info')
ANF: vhdi_dt_get_vhdl_record_info('simv: undefined symbol: vhdi_dt_get_vhdl_record_info')
ANF: vhdi_def_traverse_module('simv: undefined symbol: vhdi_def_traverse_module')
ANF: vhdi_def_traverse_scope('simv: undefined symbol: vhdi_def_traverse_scope')
ANF: vhdi_def_traverse_variable('simv: undefined symbol: vhdi_def_traverse_variable')
ANF: vhdi_def_get_module_id_by_vhpi('simv: undefined symbol: vhdi_def_get_module_id_by_vhpi')
ANF: vhdi_def_get_handle_by_module_id('simv: undefined symbol: vhdi_def_get_handle_by_module_id')
ANF: vhdi_def_get_variable_info_by_vhpi('simv: undefined symbol: vhdi_def_get_variable_info_by_vhpi')
ANF: vhdi_def_free('simv: undefined symbol: vhdi_def_free')
ANF: vhdi_ist_traverse_scope('simv: undefined symbol: vhdi_ist_traverse_scope')
ANF: vhdi_ist_traverse_variable('simv: undefined symbol: vhdi_ist_traverse_variable')
ANF: vhdi_ist_convert_by_vhpi('simv: undefined symbol: vhdi_ist_convert_by_vhpi')
ANF: vhdi_ist_clone('simv: undefined symbol: vhdi_ist_clone')
ANF: vhdi_ist_free('simv: undefined symbol: vhdi_ist_free')
ANF: vhdi_ist_hash_key('simv: undefined symbol: vhdi_ist_hash_key')
ANF: vhdi_ist_compare('simv: undefined symbol: vhdi_ist_compare')
ANF: vhdi_ist_get_value_addr('simv: undefined symbol: vhdi_ist_get_value_addr')
ANF: vhdi_set_scsd_callback('simv: undefined symbol: vhdi_set_scsd_callback')
ANF: vhdi_cbk_set_force_callback('simv: undefined symbol: vhdi_cbk_set_force_callback')
ANF: vhdi_trigger_init_force('simv: undefined symbol: vhdi_trigger_init_force')
ANF: vhdi_ist_check_scsd_callback('simv: undefined symbol: vhdi_ist_check_scsd_callback')
ANF: vhdi_ist_add_scsd_callback('simv: undefined symbol: vhdi_ist_add_scsd_callback')
ANF: vhdi_ist_remove_scsd_callback('simv: undefined symbol: vhdi_ist_remove_scsd_callback')
ANF: vhdi_ist_get_scsd_user_data('simv: undefined symbol: vhdi_ist_get_scsd_user_data')
ANF: vhdi_add_time_change_callback('simv: undefined symbol: vhdi_add_time_change_callback')
ANF: vhdi_get_real_value_by_value_addr('simv: undefined symbol: vhdi_get_real_value_by_value_addr')
ANF: vhdi_get_64_value_by_value_addr('simv: undefined symbol: vhdi_get_64_value_by_value_addr')
ANF: vhdi_xprop_inst_is_promoted('simv: undefined symbol: vhdi_xprop_inst_is_promoted')
ANF: vdi_ist_convert_by_vhdi('simv: undefined symbol: vdi_ist_convert_by_vhdi')
ANF: vhdi_ist_get_module_id('simv: undefined symbol: vhdi_ist_get_module_id')
ANF: vhdi_refine_foreign_scope_type('simv: undefined symbol: vhdi_refine_foreign_scope_type')
ANF: vhdi_flush_callback('simv: undefined symbol: vhdi_flush_callback')
ANF: vhdi_set_orig_name('simv: undefined symbol: vhdi_set_orig_name')
ANF: vhdi_set_dump_pt('simv: undefined symbol: vhdi_set_dump_pt')
ANF: vhdi_get_fsdb_option('simv: undefined symbol: vhdi_get_fsdb_option')
ANF: vhdi_fgp_get_mode('simv: undefined symbol: vhdi_fgp_get_mode')
ANF: vhdi_node_register_composite_var('simv: undefined symbol: vhdi_node_register_composite_var')
ANF: vhdi_node_analysis('simv: undefined symbol: vhdi_node_analysis')
ANF: vhdi_node_id('simv: undefined symbol: vhdi_node_id')
ANF: vhdi_node_ist_check_scsd_callback('simv: undefined symbol: vhdi_node_ist_check_scsd_callback')
ANF: vhdi_node_ist_add_scsd_callback('simv: undefined symbol: vhdi_node_ist_add_scsd_callback')
ANF: vhdi_node_ist_get_value_addr('simv: undefined symbol: vhdi_node_ist_get_value_addr')
ANF: vhdi_enc_def_traverse_module('simv: undefined symbol: vhdi_enc_def_traverse_module')
ANF: vhdi_enc_def_traverse_scope('simv: undefined symbol: vhdi_enc_def_traverse_scope')
ANF: vhdi_enc_def_traverse_variable('simv: undefined symbol: vhdi_enc_def_traverse_variable')
ANF: vhdi_enc_ist_traverse_scope('simv: undefined symbol: vhdi_enc_ist_traverse_scope')
ANF: vhdi_enc_ist_traverse_variable('simv: undefined symbol: vhdi_enc_ist_traverse_variable')
ANF: vhdi_enc_ist_get_module_id('simv: undefined symbol: vhdi_enc_ist_get_module_id')
ANF: vhdi_enc_def_get_handle_by_module_id('simv: undefined symbol: vhdi_enc_def_get_handle_by_module_id')
VCS compile option:
 option[0]: simv
 option[1]: +v2k
 option[2]: +notimingcheck
 option[3]: +define+I1
 option[4]: /usr/cad/synopsys/vcs/2022.06/linux64/bin/vcs1
 option[5]: -Mcc=gcc
 option[6]: -Mcplusplus=g++
 option[7]: -Masflags=
 option[8]: -Mcfl= -pipe -fPIC -O -I/usr/cad/synopsys/vcs/2022.06/include 
 option[9]: -Mxllcflags=
 option[10]: -Mxcflags= -pipe -fPIC -I/usr/cad/synopsys/vcs/2022.06/include
 option[11]: -Mldflags= -rdynamic 
 option[12]: -Mout=simv
 option[13]: -Mamsrun=
 option[14]: -Mvcsaceobjs=
 option[15]: -Mobjects= /usr/cad/synopsys/vcs/2022.06/linux64/lib/libvirsim.so /usr/cad/synopsys/vcs/2022.06/linux64/lib/liberrorinf.so /usr/cad/synopsys/vcs/2022.06/linux64/lib/libsnpsmalloc.so /usr/cad/synopsys/vcs/2022.06/linux64/lib/libvfs.so 
 option[16]: -Mexternalobj=
 option[17]: -Msaverestoreobj=/usr/cad/synopsys/vcs/2022.06/linux64/lib/vcs_save_restore_new.o
 option[18]: -Mcrt0=
 option[19]: -Mcrtn=
 option[20]: -Mcsrc=
 option[21]: -Msyslibs=/usr/cad/synopsys/verdi/2022.06/share/PLI/VCS/LINUX64/pli.a -ldl 
 option[22]: -Xvcs_run_simv=1
 option[23]: -full64
 option[24]: -debug_access+all
 option[25]: +vpi
 option[26]: +vcsd1
 option[27]: +itf+/usr/cad/synopsys/vcs/2022.06/linux64/lib/vcsdp_lite.tab
 option[28]: +v2k
 option[29]: +notimingcheck
 option[30]: +define+I1
 option[31]: -picarchive
 option[32]: -P
 option[33]: /usr/cad/synopsys/verdi/2022.06/share/PLI/VCS/LINUX64/verdi.tab
 option[34]: -fsdb
 option[35]: -gen_obj
 option[36]: ../00_TB/HW2_tb.v
 option[37]: HW2.v
 option[38]: -load
 option[39]: /usr/cad/synopsys/verdi/2022.06/share/PLI/VCS/LINUX64/libnovas.so:FSDBDumpCmd
Chronologic Simulation VCS Release T-2022.06_Full64
Linux 3.10.0-1160.88.1.el7.x86_64 #1 SMP Tue Mar 7 15:41:52 UTC 2023 x86_64
CPU cores: 16
Limit information:
======================================
cputime		unlimited
filesize		unlimited
datasize		unlimited
stacksize		8192 kbytes
coredumpsize		0 kbytes
memoryuse		unlimited
vmemoryuse		unlimited
descriptors		4096
memorylocked		64 kbytes
maxproc		4096
======================================
(Special)Runtime environment variables:

Runtime environment variables:
MANPATH=/usr/cad/synopsys/primepower/cur/doc/pp/man:/usr/cad/synopsys/primepower/cur/doc/pt/man:/usr/cad/synopsys/pathmill/cur/doc/pm/man:/usr/cad/synopsys/pathmill/cur/doc/amps/man:/usr/cad/synopsys/nanosim/cur/doc/ns/man:/usr/cad/synopsys/synthesis/cur/doc/syn/man:/usr/cad/synopsys/vcs/2022.06/doc/man
TMIARCH=RH_64
XDG_SESSION_ID=64854
SYNOPSYS_TMAX=/usr/cad/synopsys/tmax/cur
XLOCALEDIR=/usr/cad/synopsys/astro/cur/etc/locale
TERM_PROGRAM=vscode
HOSTNAME=cad33
UNAME=/bin/uname
XKEYSYMDB=/usr/cad/synopsys/astro/cur/etc/XKeysymDB
SELINUX_ROLE_REQUESTED=
SCRNAME=vcs
VCS_DEPTH=0
TERM=xterm-256color
HOST=cad33
SHELL=/bin/tcsh
SSH_CLIENT=140.112.87.147 59919 22
TERM_PROGRAM_VERSION=1.83.1
SELINUX_USE_CURRENT_RANGE=
CDS_LOAD_ENV=CSF
HSP_GCC_VERSION=9.2.0
QTDIR=/usr/lib64/qt-3.3
QTINC=/usr/lib64/qt-3.3/include
VERA_HOME=/usr/cad/synopsys/vera/cur/cur
SYNOPSYS_SCIROCCO=/usr/cad/synopsys/scirocco/cur
LC_ALL=C
SNPS_VCS_INTERNAL_ROOT_PID=20104
SPAPI_AHDL_INCLUDE=/home/raid7_4/raid1_1/linux/synopsys/hspice/2022.06/hspice/include
QT_GRAPHICSSYSTEM_CHECKED=1
HSP_HOME=/home/raid7_4/raid1_1/linux/synopsys/hspice/2022.06/hspice
GROUP=user
USER=b10176
LD_LIBRARY_PATH=/usr/cad/synopsys/vcs/2022.06/lib:/usr/cad/synopsys/vcs/2022.06/linux64/lib:/usr/spring_soft/verdi/cur/share/PLI/nc_xl/LINUX/xl_shared:/usr/spring_soft/verdi/cur/share/PLI/nc_xl/LINUX/nc_shared:/usr/cad/synopsys/verdi/2022.06/etc/lib/libstdc++/LINUX64/:/usr/cad/synopsys/verdi/2022.06/share/PLI/lib/LINUX64/:/usr/cad/synopsys/verdi/2022.06/share/PLI/VCS/LINUX64/::/lib64:/usr/lib64:/usr/local/lib64::/usr/cad/synopsys/cosmos_scope/cur/CosmosScope/bin:/usr/dt/lib:/usr/lib:/usr/local/lib::/usr/cad/synopsys/verdi/cur/share/PLI/VCS/LINUX64:/usr/cad/synopsys/vera/cur/cur/lib
LS_COLORS=rs=0:di=38;5;27:ln=38;5;51:mh=44;38;5;15:pi=40;38;5;11:so=38;5;13:do=38;5;5:bd=48;5;232;38;5;11:cd=48;5;232;38;5;3:or=48;5;232;38;5;9:mi=05;48;5;232;38;5;15:su=48;5;196;38;5;15:sg=48;5;11;38;5;16:ca=48;5;196;38;5;226:tw=48;5;10;38;5;16:ow=48;5;10;38;5;21:st=48;5;21;38;5;15:ex=38;5;34:*.tar=38;5;9:*.tgz=38;5;9:*.arc=38;5;9:*.arj=38;5;9:*.taz=38;5;9:*.lha=38;5;9:*.lz4=38;5;9:*.lzh=38;5;9:*.lzma=38;5;9:*.tlz=38;5;9:*.txz=38;5;9:*.tzo=38;5;9:*.t7z=38;5;9:*.zip=38;5;9:*.z=38;5;9:*.Z=38;5;9:*.dz=38;5;9:*.gz=38;5;9:*.lrz=38;5;9:*.lz=38;5;9:*.lzo=38;5;9:*.xz=38;5;9:*.bz2=38;5;9:*.bz=38;5;9:*.tbz=38;5;9:*.tbz2=38;5;9:*.tz=38;5;9:*.deb=38;5;9:*.rpm=38;5;9:*.jar=38;5;9:*.war=38;5;9:*.ear=38;5;9:*.sar=38;5;9:*.rar=38;5;9:*.alz=38;5;9:*.ace=38;5;9:*.zoo=38;5;9:*.cpio=38;5;9:*.7z=38;5;9:*.rz=38;5;9:*.cab=38;5;9:*.jpg=38;5;13:*.jpeg=38;5;13:*.gif=38;5;13:*.bmp=38;5;13:*.pbm=38;5;13:*.pgm=38;5;13:*.ppm=38;5;13:*.tga=38;5;13:*.xbm=38;5;13:*.xpm=38;5;13:*.tif=38;5;13:*.tiff=38;5;13:*.png=38;5;13:*.svg=38;5;13:*.svgz=38;5;13:*.mng=38;5;13:*.pcx=38;5;13:*.mov=38;5;13:*.mpg=38;5;13:*.mpeg=38;5;13:*.m2v=38;5;13:*.mkv=38;5;13:*.webm=38;5;13:*.ogm=38;5;13:*.mp4=38;5;13:*.m4v=38;5;13:*.mp4v=38;5;13:*.vob=38;5;13:*.qt=38;5;13:*.nuv=38;5;13:*.wmv=38;5;13:*.asf=38;5;13:*.rm=38;5;13:*.rmvb=38;5;13:*.flc=38;5;13:*.avi=38;5;13:*.fli=38;5;13:*.flv=38;5;13:*.gl=38;5;13:*.dl=38;5;13:*.xcf=38;5;13:*.xwd=38;5;13:*.yuv=38;5;13:*.cgm=38;5;13:*.emf=38;5;13:*.axv=38;5;13:*.anx=38;5;13:*.ogv=38;5;13:*.ogx=38;5;13:*.aac=38;5;45:*.au=38;5;45:*.flac=38;5;45:*.mid=38;5;45:*.midi=38;5;45:*.mka=38;5;45:*.mp3=38;5;45:*.mpc=38;5;45:*.ogg=38;5;45:*.ra=38;5;45:*.wav=38;5;45:*.axa=38;5;45:*.oga=38;5;45:*.spx=38;5;45:*.xspf=38;5;45:
SCRIPT_NAME=vcs
synopsys_root=/usr/cad/synopsys/pathmill/cur
VCS_MX_HOME_INTERNAL=1
installdir=/home/raid7_4/raid1_1/linux/synopsys/hspice/2022.06/hspice
HOSTTYPE=x86_64-linux
SSH_AUTH_SOCK=/run/user/1769/vscode-ssh-auth-sock-153772877
SNPS_VCS_CLANG_PATH=/usr/cad/synopsys/vcs/2022.06/linux64/clang
SNPSLMD_LICENSE_FILE=26585@lshc
CCSS_GNUHOME=/usr/cad/synopsys/ccss/cur/linux/gnupackages
VCS_USER_OPTIONS=../00_TB/HW2_tb.v HW2.v -full64 -R -debug_access+all +v2k +notimingcheck +define+I1
CMIARCH=RH_64
OVA_UUM=0
VCS_MODE_FLAG=64
MAIL=/var/spool/mail/b10176
PATH=.:/usr/spring_soft/verdi/cur/bin:/usr/spring_soft/verdi/cur/nLint/bin:/usr/cad/synopsys/verdi/2022.06/bin:/usr/cad/synopsys/vera/cur/cur/bin:/usr/cad/synopsys/vcs/2022.06/amd64/bin:/usr/cad/synopsys/tmax/cur/bin:/usr/cad/synopsys/star-rcxt/cur/amd64_starrc/bin:/usr/cad/synopsys/scirocco/cur/bin:/usr/bin/X11:/usr/cad/synopsys/primetime/cur/amd64/syn/bin:/usr/bin/X11:/usr/cad/synopsys/primepower/cur/bin:/usr/cad/synopsys/pathmill/cur/amd64/pm/bin:/usr/cad/synopsys/nanosim/cur/bin:/usr/cad/synopsys/nanosim/cur/linux/ns/bin:/usr/cad/synopsys/spyglass/2022.06//SPYGLASS_HOME/bin:/usr/cad/synopsys/leda/cur/bin:/home/raid7_4/raid1_1/linux/synopsys/hspice/2022.06/hspice/bin:/home/raid7_4/raid1_1/linux/synopsys/hspice/2022.06/hspice/GNU/linux64/gcc/bin:/home/raid7_4/raid1_1/linux/synopsys/hspice/2022.06/hspice/linux64:/usr/bin:/usr/ucb/bin:/usr/cad/synopsys/hercules/cur/bin/AMD.64:/usr/cad/synopsys/formality/cur/bin:/usr/cad/synopsys/cosmos_scope/cur/ai_bin:/usr/cad/synopsys/ccss/cur/linux/ccss/bin:/usr/bin/X11:/usr/cad/synopsys/coreConsultant/cur/bin:/usr/cad/synopsys/synthesis/cur/amd64/syn/bin:/usr/cad/synopsys/lc/cur/bin:/usr/cad/synopsys/astro/cur/bin/AMD.64:/home/raid7_2/userb10/b10176/.vscode-server/bin/f1b07bd25dfad64b0167beb15359ae573aecd2cc/bin/remote-cli:/usr/lib64/qt-3.3/bin:/usr/local/bin:/usr/bin:/usr/local/sbin:/usr/sbin
TARGET_ARCH=linux
SNPS_VCS_INTERNAL_CURR_PID=20104
VERDI_HOME=/usr/cad/synopsys/verdi/2022.06
PRIMEPOWER=/usr/cad/synopsys/primepower/cur
DDD_SESSIONS=.
PWD=/home/raid7_2/userb10/b10176/Computer_Architecture/HW2/01_RTL
VCS_HOME=/usr/cad/synopsys/vcs/2022.06
SNPS_VCS_INTERNAL_MEMPRELOAD_USE_LIBC=1
SNPS_INTERNAL_VCS_LINUX_OS=linux
CCSS_KEYS=26585@lstc
SYNOPSYS_SIM=/usr/cad/synopsys/scirocco/cur
SYNTHESIS=/usr/cad/synopsys/synthesis/cur
VMR_MODE_FLAG=64
SYSTEMC_HOME=/usr/cad/synopsys/ccss/cur/linux/ccss/ccss_systemc
SELINUX_LEVEL_REQUESTED=
VCS_CC=gcc
PRIMETIME=/usr/cad/synopsys/primetime/cur
LM_LICENSE_FILE=26585@lstc
VCS_ARG_ADDED_FOR_TMP=1
SNPS_VCS_TMPDIR=/tmp/vcs_20231103054316_20104
CCSS_SIM_DIR=/home/raid7_2/userb10/b10176/SIM
HSP_GCC=/home/raid7_4/raid1_1/linux/synopsys/hspice/2022.06/hspice/GNU/linux64/gcc/bin/gcc -m64 
SHLVL=6
HOME=/home/raid7_2/userb10/b10176
OSTYPE=linux
FORMALITY=/usr/cad/synopsys/formality/cur
SNPS_64=1
VCS_COM=/usr/cad/synopsys/vcs/2022.06/linux64/bin/vcs1
SNPS_PLATFORM=linux64
HSP_SIGMA_AMP=/home/raid7_4/raid1_1/linux/synopsys/hspice/2022.06/hspice/linux64/python/AVA/ava
VENDOR=unknown
MACHTYPE=x86_64
LOGNAME=b10176
QTLIB=/usr/lib64/qt-3.3/lib
SNPS_VCS_INTERNAL_ROOT_START_TIME=1698990196.865675956
SSH_CONNECTION=140.112.87.147 59919 140.112.20.76 22
LEDA_PATH=/usr/cad/synopsys/leda/cur
mraarch=linux_64
CCSS_DEBUGGER=ddd --gdb --debugger /usr/cad/synopsys/ccss/cur/linux/ccss/bin/gdbw --directory /usr/cad/synopsys/ccss/cur/linux/ccss/ccss_systemc/include/sysc/kernel --session ccss_dbg_ddd
VSCODE_IPC_HOOK_CLI=/run/user/1769/vscode-ipc-4073aa11-0fbc-43be-9d9f-9cd6a98b4a42.sock
SNPS_ARCH=linux
LESSOPEN=||/usr/bin/lesspipe.sh %s
SHLIB_PATH=/usr/spring_soft/verdi/cur/share/PLI/nc_xl/LINUX/xl_shared:/usr/spring_soft/verdi/cur/share/PLI/nc_xl/LINUX/nc_shared:/usr/cad/synopsys/verdi/2022.06/etc/lib/libstdc++/LINUX64/:/usr/cad/synopsys/verdi/2022.06/share/PLI/lib/LINUX64/:/usr/cad/synopsys/verdi/2022.06/share/PLI/VCS/LINUX64/:
ARCH=linux64
BROWSER=/home/raid7_2/userb10/b10176/.vscode-server/bin/f1b07bd25dfad64b0167beb15359ae573aecd2cc/bin/helpers/browser.sh
sysc_uni_pwd=/home/raid7_2/userb10/b10176/Computer_Architecture/HW2/01_RTL
CDPL_HOME=/home/raid7_4/raid1_1/linux/synopsys/hspice/2022.06/hspice/cdpl
XDG_RUNTIME_DIR=/run/user/1769
DISPLAY=localhost:11.0
VCS_ARCH=linux64
SYN_MAN_DIR=/usr/cad/synopsys/vcs/2022.06/doc/man
TOOL_HOME=/usr/cad/synopsys/vcs/2022.06/linux64
SNPS_SIMIF=/usr/cad/synopsys/nanosim/cur
SYNOPSYS_CCSS=/usr/cad/synopsys/ccss/cur/linux/ccss
COLORTERM=truecolor
_=./simv
VCS_PATHMAP_PRELOAD_DONE=1
VCS_EXEC_DONE=1
DVE=/usr/cad/synopsys/vcs/2022.06/gui/dve
SPECMAN_OUTPUT_TO_TTY=1
FLEXLM_BORROWFILE=/home/raid7_2/userb10/b10176/.cad33-borrow.txt
Runtime command line arguments:
argv[0]=simv
argv[1]=+v2k
argv[2]=+notimingcheck
argv[3]=+define+I1
257 profile - 100
          CPU/Mem usage: 0.100 sys,  0.480 user,  265.33M mem
258 Elapsed time:    0:00:01    Fri Nov  3 13:43:19 2023
259 User CPU time used: 0 seconds
260 System CPU time used: 0 seconds
261 pliAppInit
262 [SC]Init: MemoryConsumed=0.00MB ElapsedTime=0hour 0min. 0sec.
263 FSDB_GATE is set.
264 FSDB_RTL is set.
265 FSDB_ALIAS_ARRAY_ELEM is set to 4294967295.
266 Enable Parallel Dumping.
267 pliAppMiscSet: New Sim Round
268 pliEntryInit
269 LIBSSCORE=found /usr/cad/synopsys/verdi/2022.06/share/PLI/lib/LINUXAMD64/libsscore_vcs202206.so through $NOVAS_HOME setting.
270 FSDB Dumper for VCS, Release Verdi_T-2022.06, Linux x86_64/64bit, 05/29/2022
271 (C) 1996 - 2022 by Synopsys, Inc.
272 sps_call_fsdbDumpfile_main at 0 : ../00_TB/HW2_tb.v(105)
273 argv[0]: (HW2.fsdb)
274 *Verdi* FSDB WARNING: The FSDB file already exists. Overwriting the FSDB file may crash the programs that are using this file.
275 *Verdi* : Create FSDB file 'HW2.fsdb'
276 [spi_vcs_vd_ppi_create_root]: no upf option
277 compile option from '/home/raid7_2/userb10/b10176/Computer_Architecture/HW2/01_RTL/simv.daidir/vcs_rebuild'.
278   "vcs '../00_TB/HW2_tb.v' 'HW2.v' '-full64' '-R' '-debug_access+all' '+v2k' '+notimingcheck' '+define+I1' 2>&1"
279 DVDI_is_vir_unload_enabled is enable
280 FSDB_VCS_ENABLE_NATIVE_VC is enable
281 sps_call_fsdbDumpvars_vd_main at 0 : ../00_TB/HW2_tb.v(106)
282 argv[0]: (0)
283 argv[1]: (+mda)
284 *Verdi* : Begin traversing the scopes, layer (0).
285 *Verdi* : Enable +mda dumping.
286 *Verdi* : End of traversing.
287 pliAppHDL_DumpVarComplete traverse var: profile - 
          CPU/Mem usage: 0.130 sys,  0.480 user,  366.13M mem
                   incr: 0.010 sys,  0.000 user,  9.08M mem
                   accu: 0.010 sys,  0.000 user,  9.08M mem
              accu incr: 0.010 sys,  0.000 user,  9.08M mem

          Count usage: 106 var,  104 idcode,  35 callback
                 incr: 106 var,  104 idcode,  35 callback
                 accu: 106 var,  104 idcode,  35 callback
            accu incr: 106 var,  104 idcode,  35 callback
288 Elapsed time:    0:00:01    Fri Nov  3 13:43:19 2023
289 User CPU time used: 0 seconds
290 System CPU time used: 0 seconds
291 pliAppHDL_DumpVarComplete: profile - 
          CPU/Mem usage: 0.130 sys,  0.480 user,  367.18M mem
                   incr: 0.000 sys,  0.000 user,  1.05M mem
                   accu: 0.010 sys,  0.000 user,  10.13M mem
              accu incr: 0.000 sys,  0.000 user,  1.05M mem

          Count usage: 106 var,  104 idcode,  35 callback
                 incr: 0 var,  0 idcode,  0 callback
                 accu: 106 var,  104 idcode,  35 callback
            accu incr: 0 var,  0 idcode,  0 callback
292 Elapsed time:    0:00:01    Fri Nov  3 13:43:19 2023
293 User CPU time used: 0 seconds
294 System CPU time used: 0 seconds
295 End of simulation at 65500
296 Memory usage: 367.182 M
297 Maximum resident set size: 151 MB
298 Hard page faults: 0
299 Soft page faults: 26835
300 Elapsed time:    0:00:01    Fri Nov  3 13:43:19 2023
301 User CPU time used: 0 seconds
302 System CPU time used: 0 seconds
303 Begin FSDB profile info:
304 FSDB Writer : bc1(226) bcn(414) mtf/stf(0/0)
FSDB Writer elapsed time : flush(0.006227) io wait(0.000000) theadpool wait(0.000000)
FSDB Writer cpu time : MT Compression : 0
305 End FSDB profile info
306 FSDB closed. Name: HW2.fsdb Size: 12235
307 Parallel profile     - ProducerThread:1 ConsumerThread:1 Buffer:64MB
308                      - BlockUsed:1 Acquire:681 BufferUsed:9387
309                      - Flush:3 Expand:0 ProducerWait:0 ConsumerWait:0
310                      - MainProducerTime:0.630631960 TotalConsumerTime:0.000000000
311                      - ElapsedTime:0.436793000
312 Producer   0 profile - BlockUsed:1 Acquire:681 BufferUsed:9387
313 Consumer   0 profile - Affinity:-1 CPUTime:0.000000000 LifeTime:0.000000000 (-nan%)
314                      - BlockUsed:1 Acquire:681 BufferUsed:9387
315 SimExit
316 Elapsed time:    0:00:01    Fri Nov  3 13:43:19 2023
317 User CPU time used: 0 seconds
318 System CPU time used: 0 seconds
319 Sim process exit
